{"C:\\Users\\ashle\\Development\\bootcamp\\src\\api\\recipe.ts": {"path":"C:\\Users\\ashle\\Development\\bootcamp\\src\\api\\recipe.ts","statementMap":{"0":{"start":{"line":1,"column":17},"end":{"line":1,"column":46}},"1":{"start":{"line":2,"column":15},"end":{"line":2,"column":49}},"2":{"start":{"line":4,"column":13},"end":{"line":14,"column":2}},"3":{"start":{"line":5,"column":22},"end":{"line":14,"column":2}},"4":{"start":{"line":7,"column":8},"end":{"line":7,"column":44}},"5":{"start":{"line":8,"column":14},"end":{"line":10,"column":null}},"6":{"start":{"line":8,"column":8},"end":{"line":10,"column":null}},"7":{"start":{"line":12,"column":15},"end":{"line":12,"column":null}},"8":{"start":{"line":12,"column":8},"end":{"line":12,"column":null}},"9":{"start":{"line":13,"column":2},"end":{"line":13,"column":14}},"10":{"start":{"line":16,"column":13},"end":{"line":25,"column":2}},"11":{"start":{"line":17,"column":15},"end":{"line":25,"column":2}},"12":{"start":{"line":19,"column":14},"end":{"line":21,"column":null}},"13":{"start":{"line":19,"column":8},"end":{"line":21,"column":null}},"14":{"start":{"line":23,"column":15},"end":{"line":23,"column":null}},"15":{"start":{"line":23,"column":8},"end":{"line":23,"column":null}},"16":{"start":{"line":24,"column":2},"end":{"line":24,"column":22}}},"fnMap":{"0":{"name":"(anonymous_13)","decl":{"start":{"line":4,"column":29},"end":{"line":4,"column":null}},"loc":{"start":{"line":5,"column":22},"end":{"line":14,"column":2}}},"1":{"name":"(anonymous_14)","decl":{"start":{"line":5,"column":22},"end":{"line":5,"column":null}},"loc":{"start":{"line":5,"column":22},"end":{"line":14,"column":2}}},"2":{"name":"(anonymous_16)","decl":{"start":{"line":16,"column":33},"end":{"line":16,"column":null}},"loc":{"start":{"line":17,"column":15},"end":{"line":25,"column":2}}},"3":{"name":"(anonymous_17)","decl":{"start":{"line":17,"column":15},"end":{"line":17,"column":null}},"loc":{"start":{"line":17,"column":15},"end":{"line":25,"column":2}}}},"branchMap":{"0":{"loc":{"start":{"line":19,"column":14},"end":{"line":21,"column":null}},"type":"switch","locations":[{"start":{"line":19,"column":14},"end":{"line":21,"column":null}}]}},"s":{"0":6,"1":6,"2":6,"3":3,"4":3,"5":3,"6":3,"7":3,"8":3,"9":3,"10":6,"11":2,"12":2,"13":2,"14":2,"15":2,"16":2},"f":{"0":3,"1":3,"2":2,"3":2},"b":{"0":[2]}}
,"C:\\Users\\ashle\\Development\\bootcamp\\src\\components\\form\\IngredientOptions.tsx": {"path":"C:\\Users\\ashle\\Development\\bootcamp\\src\\components\\form\\IngredientOptions.tsx","statementMap":{"0":{"start":{"line":2,"column":0},"end":{"line":2,"column":42}},"1":{"start":{"line":4,"column":0},"end":{"line":4,"column":54}},"2":{"start":{"line":6,"column":13},"end":{"line":33,"column":2}},"3":{"start":{"line":7,"column":10},"end":{"line":7,"column":null}},"4":{"start":{"line":11,"column":34},"end":{"line":11,"column":57}},"5":{"start":{"line":13,"column":2},"end":{"line":32,"column":4}},"6":{"start":{"line":16,"column":49},"end":{"line":30,"column":10}},"7":{"start":{"line":35,"column":0},"end":{"line":35,"column":33}}},"fnMap":{"0":{"name":"(anonymous_8)","decl":{"start":{"line":6,"column":33},"end":{"line":6,"column":34}},"loc":{"start":{"line":10,"column":1},"end":{"line":33,"column":1}}},"1":{"name":"(anonymous_9)","decl":{"start":{"line":16,"column":32},"end":{"line":16,"column":33}},"loc":{"start":{"line":16,"column":44},"end":{"line":16,"column":null}}}},"branchMap":{"0":{"loc":{"start":{"line":15,"column":7},"end":{"line":15,"column":22}},"type":"binary-expr","locations":[{"start":{"line":15,"column":7},"end":{"line":15,"column":22}},{"start":{"line":16,"column":8},"end":{"line":30,"column":10}}]},"1":{"loc":{"start":{"line":22,"column":18},"end":{"line":22,"column":48}},"type":"cond-expr","locations":[{"start":{"line":22,"column":18},"end":{"line":22,"column":48}},{"start":{"line":23,"column":18},"end":{"line":23,"column":20}}]}},"s":{"0":2,"1":2,"2":2,"3":6,"4":6,"5":6,"6":0,"7":2},"f":{"0":6,"1":0},"b":{"0":[6,1],"1":[0,0]}}
,"C:\\Users\\ashle\\Development\\bootcamp\\src\\components\\form\\SearchIngredients.tsx": {"path":"C:\\Users\\ashle\\Development\\bootcamp\\src\\components\\form\\SearchIngredients.tsx","statementMap":{"0":{"start":{"line":1,"column":0},"end":{"line":1,"column":42}},"1":{"start":{"line":2,"column":0},"end":{"line":2,"column":54}},"2":{"start":{"line":3,"column":0},"end":{"line":3,"column":65}},"3":{"start":{"line":4,"column":0},"end":{"line":4,"column":52}},"4":{"start":{"line":6,"column":13},"end":{"line":35,"column":2}},"5":{"start":{"line":7,"column":30},"end":{"line":7,"column":53}},"6":{"start":{"line":8,"column":19},"end":{"line":8,"column":43}},"7":{"start":{"line":10,"column":2},"end":{"line":34,"column":4}},"8":{"start":{"line":26,"column":25},"end":{"line":26,"column":null}},"9":{"start":{"line":37,"column":0},"end":{"line":37,"column":33}}},"fnMap":{"0":{"name":"(anonymous_9)","decl":{"start":{"line":6,"column":33},"end":{"line":6,"column":null}},"loc":{"start":{"line":6,"column":33},"end":{"line":35,"column":1}}},"1":{"name":"(anonymous_10)","decl":{"start":{"line":26,"column":19},"end":{"line":26,"column":25}},"loc":{"start":{"line":26,"column":19},"end":{"line":26,"column":40}}}},"branchMap":{},"s":{"0":2,"1":2,"2":2,"3":2,"4":2,"5":6,"6":6,"7":6,"8":1,"9":2},"f":{"0":6,"1":1},"b":{}}
,"C:\\Users\\ashle\\Development\\bootcamp\\src\\components\\ingredients\\IngredientList.tsx": {"path":"C:\\Users\\ashle\\Development\\bootcamp\\src\\components\\ingredients\\IngredientList.tsx","statementMap":{"0":{"start":{"line":1,"column":0},"end":{"line":1,"column":42}},"1":{"start":{"line":2,"column":0},"end":{"line":2,"column":54}},"2":{"start":{"line":4,"column":13},"end":{"line":23,"column":2}},"3":{"start":{"line":5,"column":46},"end":{"line":5,"column":68}},"4":{"start":{"line":5,"column":21},"end":{"line":5,"column":23}},"5":{"start":{"line":5,"column":41},"end":{"line":5,"column":46}},"6":{"start":{"line":7,"column":2},"end":{"line":22,"column":4}},"7":{"start":{"line":10,"column":41},"end":{"line":19,"column":10}},"8":{"start":{"line":12,"column":35},"end":{"line":12,"column":80}},"9":{"start":{"line":25,"column":0},"end":{"line":25,"column":30}}},"fnMap":{"0":{"name":"(anonymous_6)","decl":{"start":{"line":4,"column":30},"end":{"line":4,"column":null}},"loc":{"start":{"line":4,"column":30},"end":{"line":23,"column":1}}},"1":{"name":"(anonymous_7)","decl":{"start":{"line":10,"column":25},"end":{"line":10,"column":26}},"loc":{"start":{"line":10,"column":36},"end":{"line":10,"column":null}}},"2":{"name":"(anonymous_8)","decl":{"start":{"line":12,"column":29},"end":{"line":12,"column":35}},"loc":{"start":{"line":12,"column":29},"end":{"line":12,"column":53}}}},"branchMap":{},"s":{"0":2,"1":2,"2":2,"3":4,"4":4,"5":4,"6":4,"7":3,"8":1,"9":2},"f":{"0":4,"1":3,"2":1},"b":{}}
,"C:\\Users\\ashle\\Development\\bootcamp\\src\\components\\recipe\\Recipes.tsx": {"path":"C:\\Users\\ashle\\Development\\bootcamp\\src\\components\\recipe\\Recipes.tsx","statementMap":{"0":{"start":{"line":1,"column":0},"end":{"line":1,"column":42}},"1":{"start":{"line":2,"column":0},"end":{"line":2,"column":54}},"2":{"start":{"line":4,"column":13},"end":{"line":21,"column":2}},"3":{"start":{"line":5,"column":22},"end":{"line":5,"column":45}},"4":{"start":{"line":7,"column":2},"end":{"line":20,"column":4}},"5":{"start":{"line":9,"column":31},"end":{"line":18,"column":8}},"6":{"start":{"line":23,"column":0},"end":{"line":23,"column":26}}},"fnMap":{"0":{"name":"(anonymous_6)","decl":{"start":{"line":4,"column":26},"end":{"line":4,"column":null}},"loc":{"start":{"line":4,"column":26},"end":{"line":21,"column":1}}},"1":{"name":"(anonymous_7)","decl":{"start":{"line":9,"column":19},"end":{"line":9,"column":20}},"loc":{"start":{"line":9,"column":26},"end":{"line":9,"column":null}}}},"branchMap":{},"s":{"0":2,"1":2,"2":2,"3":3,"4":3,"5":2,"6":2},"f":{"0":3,"1":2},"b":{}}
,"C:\\Users\\ashle\\Development\\bootcamp\\src\\context\\AppContext.tsx": {"path":"C:\\Users\\ashle\\Development\\bootcamp\\src\\context\\AppContext.tsx","statementMap":{"0":{"start":{"line":1,"column":0},"end":{"line":1,"column":45}},"1":{"start":{"line":3,"column":0},"end":{"line":3,"column":51}},"2":{"start":{"line":16,"column":13},"end":{"line":20,"column":2}},"3":{"start":{"line":22,"column":13},"end":{"line":22,"column":56}},"4":{"start":{"line":24,"column":13},"end":{"line":32,"column":2}},"5":{"start":{"line":25,"column":10},"end":{"line":25,"column":null}},"6":{"start":{"line":29,"column":19},"end":{"line":29,"column":36}},"7":{"start":{"line":31,"column":2},"end":{"line":31,"column":80}}},"fnMap":{"0":{"name":"(anonymous_6)","decl":{"start":{"line":24,"column":27},"end":{"line":24,"column":28}},"loc":{"start":{"line":28,"column":1},"end":{"line":32,"column":1}}}},"branchMap":{},"s":{"0":5,"1":5,"2":5,"3":5,"4":5,"5":3,"6":3,"7":3},"f":{"0":3},"b":{}}
,"C:\\Users\\ashle\\Development\\bootcamp\\src\\hooks\\context.ts": {"path":"C:\\Users\\ashle\\Development\\bootcamp\\src\\hooks\\context.ts","statementMap":{"0":{"start":{"line":1,"column":0},"end":{"line":1,"column":33}},"1":{"start":{"line":2,"column":0},"end":{"line":2,"column":null}},"2":{"start":{"line":7,"column":0},"end":{"line":7,"column":71}},"3":{"start":{"line":9,"column":13},"end":{"line":56,"column":2}},"4":{"start":{"line":10,"column":32},"end":{"line":10,"column":64}},"5":{"start":{"line":10,"column":16},"end":{"line":10,"column":18}},"6":{"start":{"line":10,"column":28},"end":{"line":10,"column":32}},"7":{"start":{"line":11,"column":40},"end":{"line":11,"column":76}},"8":{"start":{"line":11,"column":20},"end":{"line":11,"column":22}},"9":{"start":{"line":11,"column":36},"end":{"line":11,"column":40}},"10":{"start":{"line":12,"column":56},"end":{"line":13,"column":null}},"11":{"start":{"line":12,"column":28},"end":{"line":12,"column":30}},"12":{"start":{"line":12,"column":52},"end":{"line":12,"column":56}},"13":{"start":{"line":16,"column":30},"end":{"line":19,"column":4}},"14":{"start":{"line":16,"column":50},"end":{"line":19,"column":4}},"15":{"start":{"line":17,"column":24},"end":{"line":17,"column":null}},"16":{"start":{"line":17,"column":10},"end":{"line":17,"column":null}},"17":{"start":{"line":18,"column":4},"end":{"line":18,"column":40}},"18":{"start":{"line":21,"column":26},"end":{"line":31,"column":4}},"19":{"start":{"line":21,"column":66},"end":{"line":31,"column":4}},"20":{"start":{"line":22,"column":8},"end":{"line":22,"column":9}},"21":{"start":{"line":23,"column":12},"end":{"line":23,"column":68}},"22":{"start":{"line":24,"column":22},"end":{"line":26,"column":null}},"23":{"start":{"line":25,"column":47},"end":{"line":25,"column":63}},"24":{"start":{"line":24,"column":12},"end":{"line":26,"column":null}},"25":{"start":{"line":28,"column":6},"end":{"line":28,"column":41}},"26":{"start":{"line":29,"column":6},"end":{"line":29,"column":26}},"27":{"start":{"line":33,"column":29},"end":{"line":33,"column":null}},"28":{"start":{"line":33,"column":45},"end":{"line":46,"column":4}},"29":{"start":{"line":34,"column":50},"end":{"line":46,"column":4}},"30":{"start":{"line":36,"column":4},"end":{"line":36,"column":23}},"31":{"start":{"line":37,"column":10},"end":{"line":39,"column":6}},"32":{"start":{"line":38,"column":22},"end":{"line":38,"column":null}},"33":{"start":{"line":40,"column":20},"end":{"line":42,"column":null}},"34":{"start":{"line":41,"column":45},"end":{"line":41,"column":61}},"35":{"start":{"line":40,"column":10},"end":{"line":42,"column":null}},"36":{"start":{"line":44,"column":4},"end":{"line":44,"column":39}},"37":{"start":{"line":45,"column":4},"end":{"line":45,"column":24}},"38":{"start":{"line":48,"column":2},"end":{"line":55,"column":4}}},"fnMap":{"0":{"name":"(anonymous_14)","decl":{"start":{"line":9,"column":31},"end":{"line":9,"column":null}},"loc":{"start":{"line":9,"column":31},"end":{"line":56,"column":1}}},"1":{"name":"(anonymous_15)","decl":{"start":{"line":16,"column":30},"end":{"line":16,"column":37}},"loc":{"start":{"line":16,"column":50},"end":{"line":19,"column":4}}},"2":{"name":"(anonymous_16)","decl":{"start":{"line":16,"column":50},"end":{"line":16,"column":null}},"loc":{"start":{"line":16,"column":50},"end":{"line":19,"column":4}}},"3":{"name":"(anonymous_18)","decl":{"start":{"line":21,"column":26},"end":{"line":21,"column":33}},"loc":{"start":{"line":21,"column":66},"end":{"line":31,"column":4}}},"4":{"name":"(anonymous_19)","decl":{"start":{"line":21,"column":66},"end":{"line":21,"column":null}},"loc":{"start":{"line":21,"column":66},"end":{"line":31,"column":4}}},"5":{"name":"(anonymous_21)","decl":{"start":{"line":25,"column":31},"end":{"line":25,"column":32}},"loc":{"start":{"line":25,"column":42},"end":{"line":25,"column":57}}},"6":{"name":"(anonymous_22)","decl":{"start":{"line":33,"column":29},"end":{"line":33,"column":30}},"loc":{"start":{"line":33,"column":40},"end":{"line":33,"column":null}}},"7":{"name":"(anonymous_23)","decl":{"start":{"line":33,"column":45},"end":{"line":33,"column":null}},"loc":{"start":{"line":34,"column":50},"end":{"line":46,"column":4}}},"8":{"name":"(anonymous_24)","decl":{"start":{"line":34,"column":50},"end":{"line":34,"column":null}},"loc":{"start":{"line":34,"column":50},"end":{"line":46,"column":4}}},"9":{"name":"(anonymous_26)","decl":{"start":{"line":38,"column":6},"end":{"line":38,"column":7}},"loc":{"start":{"line":38,"column":17},"end":{"line":38,"column":32}}},"10":{"name":"(anonymous_27)","decl":{"start":{"line":41,"column":29},"end":{"line":41,"column":30}},"loc":{"start":{"line":41,"column":40},"end":{"line":41,"column":55}}}},"branchMap":{"0":{"loc":{"start":{"line":17,"column":24},"end":{"line":17,"column":null}},"type":"switch","locations":[{"start":{"line":17,"column":24},"end":{"line":17,"column":null}}]},"1":{"loc":{"start":{"line":22,"column":8},"end":{"line":22,"column":9}},"type":"if","locations":[{"start":{"line":22,"column":8},"end":{"line":22,"column":9}},{"start":{"line":22,"column":8},"end":{"line":22,"column":9}}]}},"s":{"0":5,"1":5,"2":5,"3":5,"4":11,"5":11,"6":11,"7":11,"8":11,"9":11,"10":11,"11":11,"12":11,"13":11,"14":1,"15":1,"16":1,"17":1,"18":11,"19":1,"20":1,"21":1,"22":1,"23":1,"24":1,"25":1,"26":1,"27":11,"28":1,"29":1,"30":1,"31":1,"32":0,"33":1,"34":0,"35":1,"36":1,"37":1,"38":11},"f":{"0":11,"1":1,"2":1,"3":1,"4":1,"5":1,"6":1,"7":1,"8":1,"9":0,"10":0},"b":{"0":[1],"1":[0,1]}}
,"C:\\Users\\ashle\\Development\\bootcamp\\src\\hooks\\ingredients.ts": {"path":"C:\\Users\\ashle\\Development\\bootcamp\\src\\hooks\\ingredients.ts","statementMap":{"0":{"start":{"line":1,"column":0},"end":{"line":1,"column":null}},"1":{"start":{"line":6,"column":0},"end":{"line":6,"column":35}},"2":{"start":{"line":8,"column":0},"end":{"line":8,"column":51}},"3":{"start":{"line":10,"column":13},"end":{"line":23,"column":2}},"4":{"start":{"line":11,"column":55},"end":{"line":11,"column":77}},"5":{"start":{"line":11,"column":29},"end":{"line":11,"column":31}},"6":{"start":{"line":11,"column":50},"end":{"line":11,"column":55}},"7":{"start":{"line":13,"column":19},"end":{"line":20,"column":4}},"8":{"start":{"line":15,"column":51},"end":{"line":15,"column":null}},"9":{"start":{"line":17,"column":16},"end":{"line":17,"column":null}},"10":{"start":{"line":19,"column":6},"end":{"line":19,"column":null}},"11":{"start":{"line":22,"column":2},"end":{"line":22,"column":18}}},"fnMap":{"0":{"name":"(anonymous_13)","decl":{"start":{"line":10,"column":38},"end":{"line":10,"column":null}},"loc":{"start":{"line":10,"column":38},"end":{"line":23,"column":1}}},"1":{"name":"(anonymous_14)","decl":{"start":{"line":15,"column":18},"end":{"line":15,"column":19}},"loc":{"start":{"line":15,"column":46},"end":{"line":15,"column":61}}},"2":{"name":"(anonymous_15)","decl":{"start":{"line":16,"column":24},"end":{"line":16,"column":31}},"loc":{"start":{"line":18,"column":46},"end":{"line":19,"column":null}}}},"branchMap":{},"s":{"0":2,"1":2,"2":2,"3":2,"4":6,"5":6,"6":6,"7":6,"8":0,"9":1,"10":1,"11":6},"f":{"0":6,"1":0,"2":1},"b":{}}
,"C:\\Users\\ashle\\Development\\bootcamp\\src\\pages\\Homepage.tsx": {"path":"C:\\Users\\ashle\\Development\\bootcamp\\src\\pages\\Homepage.tsx","statementMap":{"0":{"start":{"line":1,"column":0},"end":{"line":1,"column":26}},"1":{"start":{"line":2,"column":0},"end":{"line":2,"column":69}},"2":{"start":{"line":3,"column":0},"end":{"line":3,"column":70}},"3":{"start":{"line":4,"column":0},"end":{"line":4,"column":54}},"4":{"start":{"line":5,"column":0},"end":{"line":5,"column":52}},"5":{"start":{"line":7,"column":13},"end":{"line":17,"column":2}},"6":{"start":{"line":8,"column":2},"end":{"line":16,"column":4}},"7":{"start":{"line":19,"column":0},"end":{"line":19,"column":24}}},"fnMap":{"0":{"name":"(anonymous_1)","decl":{"start":{"line":7,"column":24},"end":{"line":7,"column":null}},"loc":{"start":{"line":7,"column":24},"end":{"line":17,"column":1}}}},"branchMap":{},"s":{"0":1,"1":1,"2":1,"3":1,"4":1,"5":1,"6":2,"7":1},"f":{"0":2},"b":{}}
}
