TN:
SF:src\api\recipe.ts
FN:4,(anonymous_13)
FN:5,(anonymous_14)
FN:16,(anonymous_16)
FN:17,(anonymous_17)
FNF:4
FNH:4
FNDA:3,(anonymous_13)
FNDA:3,(anonymous_14)
FNDA:2,(anonymous_16)
FNDA:2,(anonymous_17)
DA:1,6
DA:2,6
DA:4,6
DA:5,3
DA:7,3
DA:8,3
DA:12,3
DA:13,3
DA:16,6
DA:17,2
DA:19,2
DA:23,2
DA:24,2
LF:13
LH:13
BRDA:19,0,0,2
BRF:1
BRH:1
end_of_record
TN:
SF:src\components\form\IngredientOptions.tsx
FN:6,(anonymous_8)
FN:16,(anonymous_9)
FNF:2
FNH:1
FNDA:6,(anonymous_8)
FNDA:0,(anonymous_9)
DA:2,2
DA:4,2
DA:6,2
DA:7,6
DA:11,6
DA:13,6
DA:16,0
DA:35,2
LF:8
LH:7
BRDA:15,0,0,6
BRDA:15,0,1,1
BRDA:22,1,0,0
BRDA:22,1,1,0
BRF:4
BRH:2
end_of_record
TN:
SF:src\components\form\SearchIngredients.tsx
FN:6,(anonymous_9)
FN:26,(anonymous_10)
FNF:2
FNH:2
FNDA:6,(anonymous_9)
FNDA:1,(anonymous_10)
DA:1,2
DA:2,2
DA:3,2
DA:4,2
DA:6,2
DA:7,6
DA:8,6
DA:10,6
DA:26,1
DA:37,2
LF:10
LH:10
BRF:0
BRH:0
end_of_record
TN:
SF:src\components\ingredients\IngredientList.tsx
FN:4,(anonymous_6)
FN:10,(anonymous_7)
FN:12,(anonymous_8)
FNF:3
FNH:3
FNDA:4,(anonymous_6)
FNDA:3,(anonymous_7)
FNDA:1,(anonymous_8)
DA:1,2
DA:2,2
DA:4,2
DA:5,4
DA:7,4
DA:10,3
DA:12,1
DA:25,2
LF:8
LH:8
BRF:0
BRH:0
end_of_record
TN:
SF:src\components\recipe\Recipes.tsx
FN:4,(anonymous_6)
FN:9,(anonymous_7)
FNF:2
FNH:2
FNDA:3,(anonymous_6)
FNDA:2,(anonymous_7)
DA:1,2
DA:2,2
DA:4,2
DA:5,3
DA:7,3
DA:9,2
DA:23,2
LF:7
LH:7
BRF:0
BRH:0
end_of_record
TN:
SF:src\context\AppContext.tsx
FN:24,(anonymous_6)
FNF:1
FNH:1
FNDA:3,(anonymous_6)
DA:1,5
DA:3,5
DA:16,5
DA:22,5
DA:24,5
DA:25,3
DA:29,3
DA:31,3
LF:8
LH:8
BRF:0
BRH:0
end_of_record
TN:
SF:src\hooks\context.ts
FN:9,(anonymous_14)
FN:16,(anonymous_15)
FN:16,(anonymous_16)
FN:21,(anonymous_18)
FN:21,(anonymous_19)
FN:25,(anonymous_21)
FN:33,(anonymous_22)
FN:33,(anonymous_23)
FN:34,(anonymous_24)
FN:38,(anonymous_26)
FN:41,(anonymous_27)
FNF:11
FNH:9
FNDA:11,(anonymous_14)
FNDA:1,(anonymous_15)
FNDA:1,(anonymous_16)
FNDA:1,(anonymous_18)
FNDA:1,(anonymous_19)
FNDA:1,(anonymous_21)
FNDA:1,(anonymous_22)
FNDA:1,(anonymous_23)
FNDA:1,(anonymous_24)
FNDA:0,(anonymous_26)
FNDA:0,(anonymous_27)
DA:1,5
DA:2,5
DA:7,5
DA:9,5
DA:10,11
DA:11,11
DA:12,11
DA:16,11
DA:17,1
DA:18,1
DA:21,11
DA:22,1
DA:23,1
DA:24,1
DA:25,1
DA:28,1
DA:29,1
DA:33,11
DA:34,1
DA:36,1
DA:37,1
DA:38,0
DA:40,1
DA:41,0
DA:44,1
DA:45,1
DA:48,11
LF:27
LH:25
BRDA:17,0,0,1
BRDA:22,1,0,0
BRDA:22,1,1,1
BRF:3
BRH:2
end_of_record
TN:
SF:src\hooks\ingredients.ts
FN:10,(anonymous_13)
FN:15,(anonymous_14)
FN:16,(anonymous_15)
FNF:3
FNH:2
FNDA:6,(anonymous_13)
FNDA:0,(anonymous_14)
FNDA:1,(anonymous_15)
DA:1,2
DA:6,2
DA:8,2
DA:10,2
DA:11,6
DA:13,6
DA:15,0
DA:17,1
DA:19,1
DA:22,6
LF:10
LH:9
BRF:0
BRH:0
end_of_record
TN:
SF:src\pages\Homepage.tsx
FN:7,(anonymous_1)
FNF:1
FNH:1
FNDA:2,(anonymous_1)
DA:1,1
DA:2,1
DA:3,1
DA:4,1
DA:5,1
DA:7,1
DA:8,2
DA:19,1
LF:8
LH:8
BRF:0
BRH:0
end_of_record
